# JRE version: Java(TM) SE Runtime Environment (8.0_201-b09) (build 1.8.0_201-b09)
# Java VM: Java HotSpot(TM) 64-Bit Server VM (25.201-b09 mixed mode windows-amd64 compressed oops)
Heap:
 PSYoungGen      total 48640K, used 1472K [0x00000000d5f00000, 0x00000000ec480000, 0x0000000100000000)
  eden space 47104K, 0% used [0x00000000d5f00000,0x00000000d5f00000,0x00000000d8d00000)
  from space 1536K, 95% used [0x00000000ec300000,0x00000000ec470000,0x00000000ec480000)
  to   space 5120K, 0% used [0x00000000eba80000,0x00000000eba80000,0x00000000ebf80000)
 ParOldGen       total 240128K, used 239186K [0x0000000081c00000, 0x0000000090680000, 0x00000000d5f00000)
  object space 240128K, 99% used [0x0000000081c00000,0x00000000905949f0,0x0000000090680000)
 Metaspace       used 87700K, capacity 89324K, committed 89600K, reserved 1128448K
  class space    used 9597K, capacity 9924K, committed 9984K, reserved 1048576K
GC Heap History (10 events):
Event: 60087.390 GC heap after
Heap after GC invocations=277 (full 5):
 PSYoungGen      total 52736K, used 3584K [0x00000000d5f00000, 0x00000000ed000000, 0x0000000100000000)
  eden space 49152K, 0% used [0x00000000d5f00000,0x00000000d5f00000,0x00000000d8f00000)
  from space 3584K, 100% used [0x00000000ecc80000,0x00000000ed000000,0x00000000ed000000)
  to   space 5632K, 0% used [0x00000000ec500000,0x00000000ec500000,0x00000000eca80000)
 ParOldGen       total 240128K, used 236842K [0x0000000081c00000, 0x0000000090680000, 0x00000000d5f00000)
  object space 240128K, 98% used [0x0000000081c00000,0x000000009034a9f0,0x0000000090680000)
 Metaspace       used 87700K, capacity 89324K, committed 89600K, reserved 1128448K
  class space    used 9597K, capacity 9924K, committed 9984K, reserved 1048576K
}
Event: 60109.306 GC heap before
{Heap before GC invocations=278 (full 5):
 PSYoungGen      total 52736K, used 52736K [0x00000000d5f00000, 0x00000000ed000000, 0x0000000100000000)
  eden space 49152K, 100% used [0x00000000d5f00000,0x00000000d8f00000,0x00000000d8f00000)
  from space 3584K, 100% used [0x00000000ecc80000,0x00000000ed000000,0x00000000ed000000)
  to   space 5632K, 0% used [0x00000000ec500000,0x00000000ec500000,0x00000000eca80000)
 ParOldGen       total 240128K, used 236842K [0x0000000081c00000, 0x0000000090680000, 0x00000000d5f00000)
  object space 240128K, 98% used [0x0000000081c00000,0x000000009034a9f0,0x0000000090680000)
 Metaspace       used 87700K, capacity 89324K, committed 89600K, reserved 1128448K
  class space    used 9597K, capacity 9924K, committed 9984K, reserved 1048576K
Event: 60109.314 GC heap after
Heap after GC invocations=278 (full 5):
 PSYoungGen      total 51200K, used 2496K [0x00000000d5f00000, 0x00000000ecd00000, 0x0000000100000000)
  eden space 48640K, 0% used [0x00000000d5f00000,0x00000000d5f00000,0x00000000d8e80000)
  from space 2560K, 97% used [0x00000000ec500000,0x00000000ec770000,0x00000000ec780000)
  to   space 5632K, 0% used [0x00000000ec780000,0x00000000ec780000,0x00000000ecd00000)
 ParOldGen       total 240128K, used 237530K [0x0000000081c00000, 0x0000000090680000, 0x00000000d5f00000)
  object space 240128K, 98% used [0x0000000081c00000,0x00000000903f69f0,0x0000000090680000)
 Metaspace       used 87700K, capacity 89324K, committed 89600K, reserved 1128448K
  class space    used 9597K, capacity 9924K, committed 9984K, reserved 1048576K
}
Event: 60133.282 GC heap before
{Heap before GC invocations=279 (full 5):
 PSYoungGen      total 51200K, used 51136K [0x00000000d5f00000, 0x00000000ecd00000, 0x0000000100000000)
  eden space 48640K, 100% used [0x00000000d5f00000,0x00000000d8e80000,0x00000000d8e80000)
  from space 2560K, 97% used [0x00000000ec500000,0x00000000ec770000,0x00000000ec780000)
  to   space 5632K, 0% used [0x00000000ec780000,0x00000000ec780000,0x00000000ecd00000)
 ParOldGen       total 240128K, used 237530K [0x0000000081c00000, 0x0000000090680000, 0x00000000d5f00000)
  object space 240128K, 98% used [0x0000000081c00000,0x00000000903f69f0,0x0000000090680000)
 Metaspace       used 87700K, capacity 89324K, committed 89600K, reserved 1128448K
  class space    used 9597K, capacity 9924K, committed 9984K, reserved 1048576K
Event: 60133.290 GC heap after
Heap after GC invocations=279 (full 5):
 PSYoungGen      total 49664K, used 1440K [0x00000000d5f00000, 0x00000000ec900000, 0x0000000100000000)
  eden space 48128K, 0% used [0x00000000d5f00000,0x00000000d5f00000,0x00000000d8e00000)
  from space 1536K, 93% used [0x00000000ec780000,0x00000000ec8e8000,0x00000000ec900000)
  to   space 5632K, 0% used [0x00000000ebe00000,0x00000000ebe00000,0x00000000ec380000)
 ParOldGen       total 240128K, used 238234K [0x0000000081c00000, 0x0000000090680000, 0x00000000d5f00000)
  object space 240128K, 99% used [0x0000000081c00000,0x00000000904a69f0,0x0000000090680000)
 Metaspace       used 87700K, capacity 89324K, committed 89600K, reserved 1128448K
  class space    used 9597K, capacity 9924K, committed 9984K, reserved 1048576K
}
Event: 60156.107 GC heap before
{Heap before GC invocations=280 (full 5):
 PSYoungGen      total 49664K, used 49568K [0x00000000d5f00000, 0x00000000ec900000, 0x0000000100000000)
  eden space 48128K, 100% used [0x00000000d5f00000,0x00000000d8e00000,0x00000000d8e00000)
  from space 1536K, 93% used [0x00000000ec780000,0x00000000ec8e8000,0x00000000ec900000)
  to   space 5632K, 0% used [0x00000000ebe00000,0x00000000ebe00000,0x00000000ec380000)
 ParOldGen       total 240128K, used 238234K [0x0000000081c00000, 0x0000000090680000, 0x00000000d5f00000)
  object space 240128K, 99% used [0x0000000081c00000,0x00000000904a69f0,0x0000000090680000)
 Metaspace       used 87700K, capacity 89324K, committed 89600K, reserved 1128448K
  class space    used 9597K, capacity 9924K, committed 9984K, reserved 1048576K
Event: 60156.117 GC heap after
Heap after GC invocations=280 (full 5):
 PSYoungGen      total 50176K, used 2496K [0x00000000d5f00000, 0x00000000ec800000, 0x0000000100000000)
  eden space 47616K, 0% used [0x00000000d5f00000,0x00000000d5f00000,0x00000000d8d80000)
  from space 2560K, 97% used [0x00000000ebe00000,0x00000000ec070010,0x00000000ec080000)
  to   space 5120K, 0% used [0x00000000ec300000,0x00000000ec300000,0x00000000ec800000)
 ParOldGen       total 240128K, used 238234K [0x0000000081c00000, 0x0000000090680000, 0x00000000d5f00000)
  object space 240128K, 99% used [0x0000000081c00000,0x00000000904a69f0,0x0000000090680000)
 Metaspace       used 87700K, capacity 89324K, committed 89600K, reserved 1128448K
  class space    used 9597K, capacity 9924K, committed 9984K, reserved 1048576K
}
Event: 60180.609 GC heap before
{Heap before GC invocations=281 (full 5):
 PSYoungGen      total 50176K, used 50112K [0x00000000d5f00000, 0x00000000ec800000, 0x0000000100000000)
  eden space 47616K, 100% used [0x00000000d5f00000,0x00000000d8d80000,0x00000000d8d80000)
  from space 2560K, 97% used [0x00000000ebe00000,0x00000000ec070010,0x00000000ec080000)
  to   space 5120K, 0% used [0x00000000ec300000,0x00000000ec300000,0x00000000ec800000)
 ParOldGen       total 240128K, used 238234K [0x0000000081c00000, 0x0000000090680000, 0x00000000d5f00000)
  object space 240128K, 99% used [0x0000000081c00000,0x00000000904a69f0,0x0000000090680000)
 Metaspace       used 87700K, capacity 89324K, committed 89600K, reserved 1128448K
  class space    used 9597K, capacity 9924K, committed 9984K, reserved 1048576K
Event: 60180.617 GC heap after
Heap after GC invocations=281 (full 5):
 PSYoungGen      total 48640K, used 1472K [0x00000000d5f00000, 0x00000000ec480000, 0x0000000100000000)
  eden space 47104K, 0% used [0x00000000d5f00000,0x00000000d5f00000,0x00000000d8d00000)
  from space 1536K, 95% used [0x00000000ec300000,0x00000000ec470000,0x00000000ec480000)
  to   space 5120K, 0% used [0x00000000eba80000,0x00000000eba80000,0x00000000ebf80000)
 ParOldGen       total 240128K, used 239186K [0x0000000081c00000, 0x0000000090680000, 0x00000000d5f00000)
  object space 240128K, 99% used [0x0000000081c00000,0x00000000905949f0,0x0000000090680000)
 Metaspace       used 87700K, capacity 89324K, committed 89600K, reserved 1128448K
  class space    used 9597K, capacity 9924K, committed 9984K, reserved 1048576K
}
Event: 60180.640 GC heap before
{Heap before GC invocations=282 (full 6):
 PSYoungGen      total 48640K, used 1472K [0x00000000d5f00000, 0x00000000ec480000, 0x0000000100000000)
  eden space 47104K, 0% used [0x00000000d5f00000,0x00000000d5f00000,0x00000000d8d00000)
  from space 1536K, 95% used [0x00000000ec300000,0x00000000ec470000,0x00000000ec480000)
  to   space 5120K, 0% used [0x00000000eba80000,0x00000000eba80000,0x00000000ebf80000)
 ParOldGen       total 240128K, used 239186K [0x0000000081c00000, 0x0000000090680000, 0x00000000d5f00000)
  object space 240128K, 99% used [0x0000000081c00000,0x00000000905949f0,0x0000000090680000)
 Metaspace       used 87700K, capacity 89324K, committed 89600K, reserved 1128448K
  class space    used 9597K, capacity 9924K, committed 9984K, reserved 1048576K

