# JRE version: Java(TM) SE Runtime Environment (8.0_201-b09) (build 1.8.0_201-b09)
# Java VM: Java HotSpot(TM) 64-Bit Server VM (25.201-b09 mixed mode windows-amd64 compressed oops)
Heap:
 PSYoungGen      total 409600K, used 360260K [0x00000000d5f00000, 0x00000000f3800000, 0x0000000100000000)
  eden space 356352K, 90% used [0x00000000d5f00000,0x00000000e99ecf70,0x00000000ebb00000)
  from space 53248K, 70% used [0x00000000ebb00000,0x00000000edfe4290,0x00000000eef00000)
  to   space 55808K, 0% used [0x00000000f0180000,0x00000000f0180000,0x00000000f3800000)
 ParOldGen       total 704512K, used 669182K [0x0000000081c00000, 0x00000000acc00000, 0x00000000d5f00000)
  object space 704512K, 94% used [0x0000000081c00000,0x00000000aa97fb80,0x00000000acc00000)
 Metaspace       used 184383K, capacity 186904K, committed 187032K, reserved 1218560K
  class space    used 18270K, capacity 18803K, committed 18864K, reserved 1048576K
GC Heap History (10 events):
Event: 15202.446 GC heap before
{Heap before GC invocations=472 (full 11):
 PSYoungGen      total 356864K, used 331558K [0x00000000d5f00000, 0x00000000ef080000, 0x0000000100000000)
  eden space 313856K, 100% used [0x00000000d5f00000,0x00000000e9180000,0x00000000e9180000)
  from space 43008K, 41% used [0x00000000ec680000,0x00000000ed7c98b0,0x00000000ef080000)
  to   space 48640K, 0% used [0x00000000e9180000,0x00000000e9180000,0x00000000ec100000)
 ParOldGen       total 704512K, used 669174K [0x0000000081c00000, 0x00000000acc00000, 0x00000000d5f00000)
  object space 704512K, 94% used [0x0000000081c00000,0x00000000aa97db80,0x00000000acc00000)
 Metaspace       used 183137K, capacity 185428K, committed 186136K, reserved 1216512K
  class space    used 18076K, capacity 18589K, committed 18736K, reserved 1048576K
Event: 15202.486 GC heap after
Heap after GC invocations=472 (full 11):
 PSYoungGen      total 362496K, used 24992K [0x00000000d5f00000, 0x00000000f0800000, 0x0000000100000000)
  eden space 313856K, 0% used [0x00000000d5f00000,0x00000000d5f00000,0x00000000e9180000)
  from space 48640K, 51% used [0x00000000e9180000,0x00000000ea9e80b0,0x00000000ec100000)
  to   space 48128K, 0% used [0x00000000ed900000,0x00000000ed900000,0x00000000f0800000)
 ParOldGen       total 704512K, used 669174K [0x0000000081c00000, 0x00000000acc00000, 0x00000000d5f00000)
  object space 704512K, 94% used [0x0000000081c00000,0x00000000aa97db80,0x00000000acc00000)
 Metaspace       used 183137K, capacity 185428K, committed 186136K, reserved 1216512K
  class space    used 18076K, capacity 18589K, committed 18736K, reserved 1048576K
}
Event: 15205.854 GC heap before
{Heap before GC invocations=473 (full 11):
 PSYoungGen      total 362496K, used 338848K [0x00000000d5f00000, 0x00000000f0800000, 0x0000000100000000)
  eden space 313856K, 100% used [0x00000000d5f00000,0x00000000e9180000,0x00000000e9180000)
  from space 48640K, 51% used [0x00000000e9180000,0x00000000ea9e80b0,0x00000000ec100000)
  to   space 48128K, 0% used [0x00000000ed900000,0x00000000ed900000,0x00000000f0800000)
 ParOldGen       total 704512K, used 669174K [0x0000000081c00000, 0x00000000acc00000, 0x00000000d5f00000)
  object space 704512K, 94% used [0x0000000081c00000,0x00000000aa97db80,0x00000000acc00000)
 Metaspace       used 183309K, capacity 185588K, committed 186136K, reserved 1216512K
  class space    used 18133K, capacity 18621K, committed 18736K, reserved 1048576K
Event: 15205.901 GC heap after
Heap after GC invocations=473 (full 11):
 PSYoungGen      total 386048K, used 30480K [0x00000000d5f00000, 0x00000000f0980000, 0x0000000100000000)
  eden space 337920K, 0% used [0x00000000d5f00000,0x00000000d5f00000,0x00000000ea900000)
  from space 48128K, 63% used [0x00000000ed900000,0x00000000ef6c40c0,0x00000000f0800000)
  to   space 49152K, 0% used [0x00000000ea900000,0x00000000ea900000,0x00000000ed900000)
 ParOldGen       total 704512K, used 669174K [0x0000000081c00000, 0x00000000acc00000, 0x00000000d5f00000)
  object space 704512K, 94% used [0x0000000081c00000,0x00000000aa97db80,0x00000000acc00000)
 Metaspace       used 183309K, capacity 185588K, committed 186136K, reserved 1216512K
  class space    used 18133K, capacity 18621K, committed 18736K, reserved 1048576K
}
Event: 15252.258 GC heap before
{Heap before GC invocations=474 (full 11):
 PSYoungGen      total 386048K, used 368400K [0x00000000d5f00000, 0x00000000f0980000, 0x0000000100000000)
  eden space 337920K, 100% used [0x00000000d5f00000,0x00000000ea900000,0x00000000ea900000)
  from space 48128K, 63% used [0x00000000ed900000,0x00000000ef6c40c0,0x00000000f0800000)
  to   space 49152K, 0% used [0x00000000ea900000,0x00000000ea900000,0x00000000ed900000)
 ParOldGen       total 704512K, used 669174K [0x0000000081c00000, 0x00000000acc00000, 0x00000000d5f00000)
  object space 704512K, 94% used [0x0000000081c00000,0x00000000aa97db80,0x00000000acc00000)
 Metaspace       used 183436K, capacity 185716K, committed 186520K, reserved 1216512K
  class space    used 18178K, capacity 18685K, committed 18864K, reserved 1048576K
Event: 15252.308 GC heap after
Heap after GC invocations=474 (full 11):
 PSYoungGen      total 387072K, used 34848K [0x00000000d5f00000, 0x00000000f2380000, 0x0000000100000000)
  eden space 337920K, 0% used [0x00000000d5f00000,0x00000000d5f00000,0x00000000ea900000)
  from space 49152K, 70% used [0x00000000ea900000,0x00000000ecb080c0,0x00000000ed900000)
  to   space 51712K, 0% used [0x00000000ef100000,0x00000000ef100000,0x00000000f2380000)
 ParOldGen       total 704512K, used 669174K [0x0000000081c00000, 0x00000000acc00000, 0x00000000d5f00000)
  object space 704512K, 94% used [0x0000000081c00000,0x00000000aa97db80,0x00000000acc00000)
 Metaspace       used 183436K, capacity 185716K, committed 186520K, reserved 1216512K
  class space    used 18178K, capacity 18685K, committed 18864K, reserved 1048576K
}
Event: 15382.135 GC heap before
{Heap before GC invocations=475 (full 11):
 PSYoungGen      total 387072K, used 372768K [0x00000000d5f00000, 0x00000000f2380000, 0x0000000100000000)
  eden space 337920K, 100% used [0x00000000d5f00000,0x00000000ea900000,0x00000000ea900000)
  from space 49152K, 70% used [0x00000000ea900000,0x00000000ecb080c0,0x00000000ed900000)
  to   space 51712K, 0% used [0x00000000ef100000,0x00000000ef100000,0x00000000f2380000)
 ParOldGen       total 704512K, used 669174K [0x0000000081c00000, 0x00000000acc00000, 0x00000000d5f00000)
  object space 704512K, 94% used [0x0000000081c00000,0x00000000aa97db80,0x00000000acc00000)
 Metaspace       used 183436K, capacity 185716K, committed 186520K, reserved 1216512K
  class space    used 18178K, capacity 18685K, committed 18864K, reserved 1048576K
Event: 15382.196 GC heap after
Heap after GC invocations=475 (full 11):
 PSYoungGen      total 407552K, used 34544K [0x00000000d5f00000, 0x00000000f2300000, 0x0000000100000000)
  eden space 356352K, 0% used [0x00000000d5f00000,0x00000000d5f00000,0x00000000ebb00000)
  from space 51200K, 67% used [0x00000000ef100000,0x00000000f12bc0c0,0x00000000f2300000)
  to   space 53248K, 0% used [0x00000000ebb00000,0x00000000ebb00000,0x00000000eef00000)
 ParOldGen       total 704512K, used 669174K [0x0000000081c00000, 0x00000000acc00000, 0x00000000d5f00000)
  object space 704512K, 94% used [0x0000000081c00000,0x00000000aa97db80,0x00000000acc00000)
 Metaspace       used 183436K, capacity 185716K, committed 186520K, reserved 1216512K
  class space    used 18178K, capacity 18685K, committed 18864K, reserved 1048576K
}
Event: 15427.569 GC heap before
{Heap before GC invocations=476 (full 11):
 PSYoungGen      total 407552K, used 390896K [0x00000000d5f00000, 0x00000000f2300000, 0x0000000100000000)
  eden space 356352K, 100% used [0x00000000d5f00000,0x00000000ebb00000,0x00000000ebb00000)
  from space 51200K, 67% used [0x00000000ef100000,0x00000000f12bc0c0,0x00000000f2300000)
  to   space 53248K, 0% used [0x00000000ebb00000,0x00000000ebb00000,0x00000000eef00000)
 ParOldGen       total 704512K, used 669174K [0x0000000081c00000, 0x00000000acc00000, 0x00000000d5f00000)
  object space 704512K, 94% used [0x0000000081c00000,0x00000000aa97db80,0x00000000acc00000)
 Metaspace       used 183869K, capacity 186232K, committed 186776K, reserved 1216512K
  class space    used 18206K, capacity 18707K, committed 18864K, reserved 1048576K
Event: 15427.645 GC heap after
Heap after GC invocations=476 (full 11):
 PSYoungGen      total 409600K, used 37776K [0x00000000d5f00000, 0x00000000f3800000, 0x0000000100000000)
  eden space 356352K, 0% used [0x00000000d5f00000,0x00000000d5f00000,0x00000000ebb00000)
  from space 53248K, 70% used [0x00000000ebb00000,0x00000000edfe4290,0x00000000eef00000)
  to   space 55808K, 0% used [0x00000000f0180000,0x00000000f0180000,0x00000000f3800000)
 ParOldGen       total 704512K, used 669182K [0x0000000081c00000, 0x00000000acc00000, 0x00000000d5f00000)
  object space 704512K, 94% used [0x0000000081c00000,0x00000000aa97fb80,0x00000000acc00000)
 Metaspace       used 183869K, capacity 186232K, committed 186776K, reserved 1216512K
  class space    used 18206K, capacity 18707K, committed 18864K, reserved 1048576K
}

